

*******************************************************************************
Thu Dec  8 18:45:20 2022


FIT:    data read from "datos.dat"
        format = z
        #datapoints = 29
        residuals are weighted equally (unit weight)

function used for fitting: f(x)
	f(x)=a*x+b
fitted parameters initialized with current variable values

iter      chisq       delta/lim  lambda   a             b            
   0 7.2417548653e+09   0.00e+00  1.22e+01    1.000000e+00   1.000000e+00
   5 5.2731554680e+02  -2.06e-05  1.22e-04   -1.378236e+01   1.602465e+04

After 5 iterations the fit converged.
final sum of squares of residuals : 527.316
rel. change during last iteration : -2.062e-10

degrees of freedom    (FIT_NDF)                        : 27
rms of residuals      (FIT_STDFIT) = sqrt(WSSR/ndf)    : 4.4193
variance of residuals (reduced chisquare) = WSSR/ndf   : 19.5302

Final set of parameters            Asymptotic Standard Error
=======================            ==========================
a               = -13.7824         +/- 0.09809      (0.7117%)
b               = 16024.6          +/- 1.685        (0.01051%)

correlation matrix of the fit parameters:
                a      b      
a               1.000 
b              -0.873  1.000 


*******************************************************************************
Thu Dec  8 19:00:21 2022


FIT:    data read from "datos.dat"
        format = z
        #datapoints = 29
        residuals are weighted equally (unit weight)

function used for fitting: f(x)
	f(x)=a*x+b
fitted parameters initialized with current variable values

iter      chisq       delta/lim  lambda   a             b            
   0 1.0735521423e+16   0.00e+00  1.22e+01    1.000000e+00   1.000000e+00
   4 7.9238595756e+15  -4.69e-03  1.22e-03   -9.832227e+05   2.015972e+07

After 4 iterations the fit converged.
final sum of squares of residuals : 7.92386e+15
rel. change during last iteration : -4.69466e-08

degrees of freedom    (FIT_NDF)                        : 27
rms of residuals      (FIT_STDFIT) = sqrt(WSSR/ndf)    : 1.71311e+07
variance of residuals (reduced chisquare) = WSSR/ndf   : 2.93476e+14

Final set of parameters            Asymptotic Standard Error
=======================            ==========================
a               = -983223          +/- 3.802e+05    (38.67%)
b               = 2.01597e+07      +/- 6.531e+06    (32.39%)

correlation matrix of the fit parameters:
                a      b      
a               1.000 
b              -0.873  1.000 


*******************************************************************************
Thu Dec  8 19:00:42 2022


FIT:    data read from "datos.dat"
        format = z
        #datapoints = 29
        residuals are weighted equally (unit weight)

function used for fitting: f(x)
	f(x)=a*x+b
fitted parameters initialized with current variable values

iter      chisq       delta/lim  lambda   a             b            
   0 1.0735521423e+16   0.00e+00  1.22e+01    1.000000e+00   1.000000e+00
   4 7.9238595756e+15  -4.69e-03  1.22e-03   -9.832227e+05   2.015972e+07

After 4 iterations the fit converged.
final sum of squares of residuals : 7.92386e+15
rel. change during last iteration : -4.69466e-08

degrees of freedom    (FIT_NDF)                        : 27
rms of residuals      (FIT_STDFIT) = sqrt(WSSR/ndf)    : 1.71311e+07
variance of residuals (reduced chisquare) = WSSR/ndf   : 2.93476e+14

Final set of parameters            Asymptotic Standard Error
=======================            ==========================
a               = -983223          +/- 3.802e+05    (38.67%)
b               = 2.01597e+07      +/- 6.531e+06    (32.39%)

correlation matrix of the fit parameters:
                a      b      
a               1.000 
b              -0.873  1.000 


*******************************************************************************
Thu Dec  8 19:41:44 2022


FIT:    data read from "datos.dat"
        format = z
        #datapoints = 149
        residuals are weighted equally (unit weight)

function used for fitting: f(x)
	f(x)=a*x+b
fitted parameters initialized with current variable values

iter      chisq       delta/lim  lambda   a             b            
   0 3.4773403293e+10   0.00e+00  9.35e+01    1.000000e+00   1.000000e+00
   6 6.4293986071e+03   0.00e+00  9.35e+03   -2.385077e+00   1.570017e+04

After 6 iterations the fit converged.
final sum of squares of residuals : 6429.4
rel. change during last iteration : 0

degrees of freedom    (FIT_NDF)                        : 147
rms of residuals      (FIT_STDFIT) = sqrt(WSSR/ndf)    : 6.61343
variance of residuals (reduced chisquare) = WSSR/ndf   : 43.7374

Final set of parameters            Asymptotic Standard Error
=======================            ==========================
a               = -2.38508         +/- 0.0126       (0.5281%)
b               = 15700.2          +/- 1.665        (0.01061%)

correlation matrix of the fit parameters:
                a      b      
a               1.000 
b              -0.946  1.000 


*******************************************************************************
Thu Dec  8 19:47:36 2022


FIT:    data read from "datos.dat"
        format = z
        #datapoints = 149
        residuals are weighted equally (unit weight)

function used for fitting: f(x)
	f(x)=a*x+b
fitted parameters initialized with current variable values

iter      chisq       delta/lim  lambda   a             b            
   0 2.1384319353e+06   0.00e+00  9.35e+01    1.000000e+00   1.000000e+00
   6 5.3620389857e-06  -2.49e-07  9.35e-05    1.000119e-01   1.255414e-01

After 6 iterations the fit converged.
final sum of squares of residuals : 5.36204e-06
rel. change during last iteration : -2.49274e-12

degrees of freedom    (FIT_NDF)                        : 147
rms of residuals      (FIT_STDFIT) = sqrt(WSSR/ndf)    : 0.000190988
variance of residuals (reduced chisquare) = WSSR/ndf   : 3.64765e-08

Final set of parameters            Asymptotic Standard Error
=======================            ==========================
a               = 0.100012         +/- 3.638e-07    (0.0003637%)
b               = 0.125541         +/- 4.809e-05    (0.0383%)

correlation matrix of the fit parameters:
                a      b      
a               1.000 
b              -0.946  1.000 
